0 verbose cli C:\Program Files\nodejs\node.exe C:\Users\HP\AppData\Roaming\npm\node_modules\npm\bin\npm-cli.js
1 info using npm@10.4.0
2 info using node@v21.6.2
3 timing npm:load:whichnode Completed in 3ms
4 timing config:load:defaults Completed in 2ms
5 timing config:load:file:C:\Users\HP\AppData\Roaming\npm\node_modules\npm\npmrc Completed in 4ms
6 timing config:load:builtin Completed in 4ms
7 timing config:load:cli Completed in 2ms
8 timing config:load:env Completed in 0ms
9 timing config:load:file:C:\Users\HP\expense-tracker\.npmrc Completed in 1ms
10 timing config:load:project Completed in 3ms
11 timing config:load:file:C:\Users\HP\.npmrc Completed in 0ms
12 timing config:load:user Completed in 0ms
13 timing config:load:file:C:\Users\HP\AppData\Roaming\npm\etc\npmrc Completed in 1ms
14 timing config:load:global Completed in 1ms
15 timing config:load:setEnvs Completed in 0ms
16 timing config:load Completed in 13ms
17 timing npm:load:configload Completed in 13ms
18 timing config:load:flatten Completed in 2ms
19 timing npm:load:mkdirpcache Completed in 1ms
20 timing npm:load:mkdirplogs Completed in 0ms
21 verbose title npm exec start
22 verbose argv "exec" "--" "start"
23 timing npm:load:setTitle Completed in 0ms
24 timing npm:load:display Completed in 1ms
25 verbose logfile logs-max:10 dir:C:\Users\HP\expense-tracker\UsersHPAppDataRoamingnpm-cache\_logs\2024-02-21T10_08_37_964Z-
26 verbose logfile C:\Users\HP\expense-tracker\UsersHPAppDataRoamingnpm-cache\_logs\2024-02-21T10_08_37_964Z-debug-0.log
27 timing npm:load:logFile Completed in 8ms
28 timing npm:load:timers Completed in 0ms
29 timing npm:load:configScope Completed in 0ms
30 timing npm:load Completed in 57ms
31 silly logfile done cleaning log files
32 timing arborist:ctor Completed in 1ms
33 timing arborist:ctor Completed in 0ms
34 http fetch GET 200 https://registry.npmjs.org/npm 439ms
35 http fetch GET 200 https://registry.npmjs.org/start 963ms (cache miss)
36 timing command:exec Completed in 1382ms
37 verbose stack Error: could not determine executable to run
37 verbose stack     at getBinFromManifest (C:\Users\HP\AppData\Roaming\npm\node_modules\npm\node_modules\libnpmexec\lib\get-bin-from-manifest.js:17:23)
37 verbose stack     at exec (C:\Users\HP\AppData\Roaming\npm\node_modules\npm\node_modules\libnpmexec\lib\index.js:188:15)
37 verbose stack     at async module.exports (C:\Users\HP\AppData\Roaming\npm\node_modules\npm\lib\cli-entry.js:61:5)
38 verbose pkgid start@5.1.0
39 verbose cwd C:\Users\HP\expense-tracker
40 verbose Windows_NT 10.0.22621
41 verbose node v21.6.2
42 verbose npm  v10.4.0
43 error could not determine executable to run
44 verbose exit 1
45 timing npm Completed in 1739ms
46 verbose code 1
47 error A complete log of this run can be found in: C:\Users\HP\expense-tracker\UsersHPAppDataRoamingnpm-cache\_logs\2024-02-21T10_08_37_964Z-debug-0.log
